<?xml version="1.0" encoding="UTF-8"?>
<testsuite xmlns:xsi="http://www.w3.org/2001/XMLSchema-instance" xsi:noNamespaceSchemaLocation="https://maven.apache.org/surefire/maven-surefire-plugin/xsd/surefire-test-report-3.0.xsd" version="3.0" name="com.example.form1.Form1ApplicationTests" time="10.443" tests="1" errors="0" skipped="0" failures="0">
  <properties>
[...]
</properties>
  <testcase name="contextLoads" classname="com.example.form1.Form1ApplicationTests" time="3.327">
    <system-out><![CDATA[20:29:15.046 [main] INFO org.springframework.test.context.support.AnnotationConfigContextLoaderUtils -- Could not detect default configuration classes for test class [com.example.form1.Form1ApplicationTests]: Form1ApplicationTests does not declare any static, non-private, non-final, nested classes annotated with @Configuration.
20:29:15.380 [main] INFO org.springframework.boot.test.context.SpringBootTestContextBootstrapper -- Found @SpringBootConfiguration com.example.form1.Form1Application for test class com.example.form1.Form1ApplicationTests

$$$$$$$\            $$\                                   $$$$$$\   $$$$$$\  $$\      $$\
$$  __$$\           \__|                                 $$  __$$\ $$  __$$\ $$$\    $$$ |
$$ |  $$ | $$$$$$\  $$\ $$$$$$$\   $$$$$$$\  $$$$$$\     $$ /  \__|$$ /  $$ |$$$$\  $$$$ |
$$$$$$$  |$$  __$$\ $$ |$$  __$$\ $$  _____|$$  __$$\    $$ |      $$ |  $$ |$$\$$\$$ $$ |
$$  ____/ $$ |  \__|$$ |$$ |  $$ |$$ /      $$$$$$$$ |   $$ |      $$ |  $$ |$$ \$$$  $$ |
$$ |      $$ |      $$ |$$ |  $$ |$$ |      $$   ____|   $$ |  $$\ $$ |  $$ |$$ |\$  /$$ |
$$ |      $$ |      $$ |$$ |  $$ |\$$$$$$$\ \$$$$$$$\ $$\\$$$$$$  | $$$$$$  |$$ | \_/ $$ |
\__|      \__|      \__|\__|  \__| \_______| \_______|\__|\______/  \______/ \__|     \__|



LANKOANDDE Y. Urbain
lankoandeurbain8@gmail.com

2023-12-20T20:29:17.129Z  INFO 8964 --- [           main] c.example.form1.Form1ApplicationTests    : Starting Form1ApplicationTests using Java 17.0.9 with PID 8964 (started by lanko in C:\Users\lanko\IdeaProjects\form1)
2023-12-20T20:29:17.133Z  INFO 8964 --- [           main] c.example.form1.Form1ApplicationTests    : No active profile set, falling back to 1 default profile: "default"
2023-12-20T20:29:21.394Z  INFO 8964 --- [           main] c.example.form1.Form1ApplicationTests    : Started Form1ApplicationTests in 5.416 seconds (process running for 8.818)
]]></system-out>
  </testcase>
</testsuite>